c:\users\rui\documents\c++\engine\myengine\release\vc120.pdb
c:\users\rui\documents\c++\engine\myengine\release\window.obj
c:\users\rui\documents\c++\engine\myengine\release\timing.obj
c:\users\rui\documents\c++\engine\myengine\release\texturecache.obj
c:\users\rui\documents\c++\engine\myengine\release\spritebatch.obj
c:\users\rui\documents\c++\engine\myengine\release\sprite.obj
c:\users\rui\documents\c++\engine\myengine\release\resourcemanager.obj
c:\users\rui\documents\c++\engine\myengine\release\randomnumbergenerator.obj
c:\users\rui\documents\c++\engine\myengine\release\picopng.obj
c:\users\rui\documents\c++\engine\myengine\release\myengine.obj
c:\users\rui\documents\c++\engine\myengine\release\iomanager.obj
c:\users\rui\documents\c++\engine\myengine\release\inputmanager.obj
c:\users\rui\documents\c++\engine\myengine\release\imageloader.obj
c:\users\rui\documents\c++\engine\myengine\release\glslprogram.obj
c:\users\rui\documents\c++\engine\myengine\release\fatalerrors.obj
c:\users\rui\documents\c++\engine\myengine\release\camera2d.obj
c:\users\rui\documents\c++\magia\release\myengine.lib
c:\users\rui\documents\c++\engine\myengine\release\myengine.tlog\cl.command.1.tlog
c:\users\rui\documents\c++\engine\myengine\release\myengine.tlog\cl.read.1.tlog
c:\users\rui\documents\c++\engine\myengine\release\myengine.tlog\cl.write.1.tlog
c:\users\rui\documents\c++\engine\myengine\release\myengine.tlog\lib-link.read.1.tlog
c:\users\rui\documents\c++\engine\myengine\release\myengine.tlog\lib-link.write.1.tlog
c:\users\rui\documents\c++\engine\myengine\release\myengine.tlog\lib.command.1.tlog
