c:\users\rui\documents\c++\engine\myengine\debug\vc120.pdb
c:\users\rui\documents\c++\engine\myengine\debug\vc120.idb
c:\users\rui\documents\c++\engine\myengine\debug\camera2d.obj
c:\users\rui\documents\c++\engine\myengine\debug\fatalerrors.obj
c:\users\rui\documents\c++\engine\myengine\debug\glslprogram.obj
c:\users\rui\documents\c++\engine\myengine\debug\imageloader.obj
c:\users\rui\documents\c++\engine\myengine\debug\inputmanager.obj
c:\users\rui\documents\c++\engine\myengine\debug\iomanager.obj
c:\users\rui\documents\c++\engine\myengine\debug\myengine.obj
c:\users\rui\documents\c++\engine\myengine\debug\picopng.obj
c:\users\rui\documents\c++\engine\myengine\debug\randomnumbergenerator.obj
c:\users\rui\documents\c++\engine\myengine\debug\resourcemanager.obj
c:\users\rui\documents\c++\engine\myengine\debug\sprite.obj
c:\users\rui\documents\c++\engine\myengine\debug\spritebatch.obj
c:\users\rui\documents\c++\engine\myengine\debug\texturecache.obj
c:\users\rui\documents\c++\engine\myengine\debug\timing.obj
c:\users\rui\documents\c++\engine\myengine\debug\window.obj
c:\users\rui\documents\c++\magia\debug\myengine.lib
c:\users\rui\documents\c++\engine\myengine\debug\myengine.tlog\cl.command.1.tlog
c:\users\rui\documents\c++\engine\myengine\debug\myengine.tlog\cl.read.1.tlog
c:\users\rui\documents\c++\engine\myengine\debug\myengine.tlog\cl.write.1.tlog
c:\users\rui\documents\c++\engine\myengine\debug\myengine.tlog\lib-link.read.1.tlog
c:\users\rui\documents\c++\engine\myengine\debug\myengine.tlog\lib-link.write.1.tlog
c:\users\rui\documents\c++\engine\myengine\debug\myengine.tlog\lib.command.1.tlog
